nohup: ignoring input
corn1 2015 1
corn1 2015 2
corn1 2015 3
corn1 2015 4
corn1 2015 5
corn1 2015 6
corn1 2015 7
corn1 2015 8
corn1 2015 9
corn1 2015 10
corn1 2015 11
corn1 2015 12
corn2 2015 1
corn2 2015 2
corn2 2015 3
corn2 2015 4
corn2 2015 5
corn2 2015 6
corn2 2015 7
corn2 2015 8
corn2 2015 9
corn2 2015 10
corn2 2015 11
corn2 2015 12
corn3 2015 1
corn3 2015 2
corn3 2015 3
corn3 2015 4
corn3 2015 5
corn3 2015 6
corn3 2015 7
corn3 2015 8
corn3 2015 9
corn3 2015 10
corn3 2015 11
corn3 2015 12
corn4 2015 1
corn4 2015 2
corn4 2015 3
corn4 2015 4
corn4 2015 5
corn4 2015 6
corn4 2015 7
corn4 2015 8
corn4 2015 9
corn4 2015 10
corn4 2015 11
corn4 2015 12
corn5 2015 1
corn5 2015 2
corn5 2015 3
corn5 2015 4
corn5 2015 5
corn5 2015 6
corn5 2015 7
corn5 2015 8
corn5 2015 9
corn5 2015 10
corn5 2015 11
corn5 2015 12
corn6 2015 1
corn6 2015 2
corn6 2015 3
corn6 2015 4
corn6 2015 5
corn6 2015 6
corn6 2015 7
corn6 2015 8
corn6 2015 9
corn6 2015 10
corn6 2015 11
corn6 2015 12
corn7 2015 1
corn7 2015 2
corn7 2015 3
corn7 2015 4
corn7 2015 5
corn7 2015 6
corn7 2015 7
corn7 2015 8
corn7 2015 9
corn7 2015 10
corn7 2015 11
corn7 2015 12
corn8 2015 1
corn8 2015 2
corn8 2015 3
corn8 2015 4
corn8 2015 5
corn8 2015 6
corn8 2015 7
corn8 2015 8
corn8 2015 9
corn8 2015 10
corn8 2015 11
corn8 2015 12
corn9 2015 1
corn9 2015 2
corn9 2015 3
corn9 2015 4
corn9 2015 5
corn9 2015 6
corn9 2015 7
corn9 2015 8
corn9 2015 9
corn9 2015 10
corn9 2015 11
corn9 2015 12
corn10 2015 1
corn10 2015 2
corn10 2015 3
corn10 2015 4
corn10 2015 5
corn10 2015 6
corn10 2015 7
corn10 2015 8
corn10 2015 9
corn10 2015 10
corn10 2015 11
corn10 2015 12
corn11 2015 1
corn11 2015 2
corn11 2015 3
corn11 2015 4
corn11 2015 5
corn11 2015 6
corn11 2015 7
corn11 2015 8
corn11 2015 9
corn11 2015 10
corn11 2015 11
corn11 2015 12
corn12 2015 1
corn12 2015 2
corn12 2015 3
corn12 2015 4
corn12 2015 5
corn12 2015 6
corn12 2015 7
corn12 2015 8
corn12 2015 9
corn12 2015 10
corn12 2015 11
corn12 2015 12
south1 2015 1
south1 2015 2
south1 2015 3
south1 2015 4
south1 2015 5
south1 2015 6
south1 2015 7
south1 2015 8
south1 2015 9
south1 2015 10
south1 2015 11
south1 2015 12
south2 2015 1
south2 2015 2
south2 2015 3
south2 2015 4
south2 2015 5
south2 2015 6
south2 2015 7
south2 2015 8
south2 2015 9
south2 2015 10
south2 2015 11
south2 2015 12
south3 2015 1
south3 2015 2
south3 2015 3
south3 2015 4
south3 2015 5
south3 2015 6
south3 2015 7
south3 2015 8
south3 2015 9
south3 2015 10
south3 2015 11
south3 2015 12
south4 2015 1
south4 2015 2
south4 2015 3
south4 2015 4
south4 2015 5
south4 2015 6
south4 2015 7
south4 2015 8
south4 2015 9
south4 2015 10
south4 2015 11
south4 2015 12
south5 2015 1
south5 2015 2
south5 2015 3
south5 2015 4
south5 2015 5
south5 2015 6
south5 2015 7
south5 2015 8
south5 2015 9
south5 2015 10
south5 2015 11
south5 2015 12
south6 2015 1
south6 2015 2
south6 2015 3
south6 2015 4
south6 2015 5
south6 2015 6
south6 2015 7
south6 2015 8
south6 2015 9
south6 2015 10
south6 2015 11
south6 2015 12
south7 2015 1
south7 2015 2
south7 2015 3
south7 2015 4
south7 2015 5
south7 2015 6
south7 2015 7
south7 2015 8
south7 2015 9
south7 2015 10
south7 2015 11
south7 2015 12
south8 2015 1
south8 2015 2
south8 2015 3
south8 2015 4
south8 2015 5
south8 2015 6
south8 2015 7
south8 2015 8
south8 2015 9
south8 2015 10
south8 2015 11
south8 2015 12
south9 2015 1
south9 2015 2
south9 2015 3
south9 2015 4
south9 2015 5
south9 2015 6
south9 2015 7
south9 2015 8
south9 2015 9
south9 2015 10
south9 2015 11
south9 2015 12
south10 2015 1
south10 2015 2
south10 2015 3
south10 2015 4
south10 2015 5
south10 2015 6
south10 2015 7
south10 2015 8
south10 2015 9
south10 2015 10
south10 2015 11
south10 2015 12
cali1 2016 1
cali1 2016 2
cali1 2016 3
cali1 2016 4
cali1 2016 5
cali1 2016 6
cali1 2016 7
cali1 2016 8
cali1 2016 9
cali1 2016 10
cali1 2016 11
cali1 2016 12
cali2 2016 1
cali2 2016 2
cali2 2016 3
cali2 2016 4
cali2 2016 5
cali2 2016 6
cali2 2016 7
cali2 2016 8
cali2 2016 9
cali2 2016 10
cali2 2016 11
cali2 2016 12
cali3 2016 1
cali3 2016 2
cali3 2016 3
cali3 2016 4
cali3 2016 5
cali3 2016 6
cali3 2016 7
cali3 2016 8
cali3 2016 9
cali3 2016 10
cali3 2016 11
cali3 2016 12
cali4 2016 1
cali4 2016 2
cali4 2016 3
cali4 2016 4
cali4 2016 5
cali4 2016 6
cali4 2016 7
cali4 2016 8
cali4 2016 9
cali4 2016 10
cali4 2016 11
cali4 2016 12
cali5 2016 1
cali5 2016 2
cali5 2016 3
cali5 2016 4
cali5 2016 5
cali5 2016 6
cali5 2016 7
cali5 2016 8
cali5 2016 9
cali5 2016 10
cali5 2016 11
cali5 2016 12
cali6 2016 1
cali6 2016 2
cali6 2016 3
cali6 2016 4
cali6 2016 5
cali6 2016 6
cali6 2016 7
cali6 2016 8
cali6 2016 9
cali6 2016 10
cali6 2016 11
cali6 2016 12
cali7 2016 1
cali7 2016 2
cali7 2016 3
cali7 2016 4
cali7 2016 5
cali7 2016 6
cali7 2016 7
cali7 2016 8
cali7 2016 9
cali7 2016 10
cali7 2016 11
cali7 2016 12
cali8 2016 1
cali8 2016 2
cali8 2016 3
cali8 2016 4
cali8 2016 5
cali8 2016 6
cali8 2016 7
cali8 2016 8
cali8 2016 9
cali8 2016 10
cali8 2016 11
cali8 2016 12
cali9 2016 1
cali9 2016 2
cali9 2016 3
cali9 2016 4
cali9 2016 5
cali9 2016 6
cali9 2016 7
cali9 2016 8
cali9 2016 9
cali9 2016 10
cali9 2016 11
cali9 2016 12
cali10 2016 1
cali10 2016 2
cali10 2016 3
cali10 2016 4
cali10 2016 5
cali10 2016 6
cali10 2016 7
cali10 2016 8
cali10 2016 9
cali10 2016 10
cali10 2016 11
cali10 2016 12
cali11 2016 1
cali11 2016 2
cali11 2016 3
cali11 2016 4
cali11 2016 5
cali11 2016 6
cali11 2016 7
cali11 2016 8
cali11 2016 9
cali11 2016 10
cali11 2016 11
cali11 2016 12
cali12 2016 1
cali12 2016 2
cali12 2016 3
cali12 2016 4
cali12 2016 5
cali12 2016 6
cali12 2016 7
cali12 2016 8
cali12 2016 9
cali12 2016 10
cali12 2016 11
cali12 2016 12
wash1 2016 1
wash1 2016 2
wash1 2016 3
wash1 2016 4
wash1 2016 5
wash1 2016 6
wash1 2016 7
wash1 2016 8
wash1 2016 9
wash1 2016 10
wash1 2016 11
wash1 2016 12
wash2 2016 1
wash2 2016 2
wash2 2016 3
wash2 2016 4
wash2 2016 5
wash2 2016 6
wash2 2016 7
wash2 2016 8
wash2 2016 9
wash2 2016 10
wash2 2016 11
wash2 2016 12
wash3 2016 1
wash3 2016 2
wash3 2016 3
wash3 2016 4
wash3 2016 5
wash3 2016 6
wash3 2016 7
wash3 2016 8
wash3 2016 9
wash3 2016 10
wash3 2016 11
wash3 2016 12
wash4 2016 1
wash4 2016 2
wash4 2016 3
wash4 2016 4
wash4 2016 5
wash4 2016 6
wash4 2016 7
wash4 2016 8
wash4 2016 9
wash4 2016 10
wash4 2016 11
wash4 2016 12
wash5 2016 1
wash5 2016 2
wash5 2016 3
wash5 2016 4
wash5 2016 5
wash5 2016 6
wash5 2016 7
wash5 2016 8
wash5 2016 9
wash5 2016 10
wash5 2016 11
wash5 2016 12
wash6 2016 1
wash6 2016 2
wash6 2016 3
wash6 2016 4
wash6 2016 5
wash6 2016 6
wash6 2016 7
wash6 2016 8
wash6 2016 9
wash6 2016 10
wash6 2016 11
wash6 2016 12
wash7 2016 1
wash7 2016 2
wash7 2016 3
wash7 2016 4
wash7 2016 5
wash7 2016 6
wash7 2016 7
wash7 2016 8
wash7 2016 9
wash7 2016 10
wash7 2016 11
wash7 2016 12
wash8 2016 1
wash8 2016 2
wash8 2016 3
wash8 2016 4
wash8 2016 5
wash8 2016 6
wash8 2016 7
wash8 2016 8
wash8 2016 9
wash8 2016 10
wash8 2016 11
wash8 2016 12
wash9 2016 1
wash9 2016 2
wash9 2016 3
wash9 2016 4
wash9 2016 5
wash9 2016 6
wash9 2016 7
wash9 2016 8
wash9 2016 9
wash9 2016 10
wash9 2016 11
wash9 2016 12
ny1 2016 1
ny1 2016 2
ny1 2016 3
ny1 2016 4
ny1 2016 5
ny1 2016 6
ny1 2016 7
ny1 2016 8
ny1 2016 9
ny1 2016 10
ny1 2016 11
ny1 2016 12
ny2 2016 1
ny2 2016 2
ny2 2016 3
ny2 2016 4
ny2 2016 5
ny2 2016 6
ny2 2016 7
ny2 2016 8
ny2 2016 9
ny2 2016 10
ny2 2016 11
ny2 2016 12
ny3 2016 1
ny3 2016 2
ny3 2016 3
ny3 2016 4
ny3 2016 5
ny3 2016 6
ny3 2016 7
ny3 2016 8
ny3 2016 9
ny3 2016 10
ny3 2016 11
ny3 2016 12
ny4 2016 1
ny4 2016 2
ny4 2016 3
ny4 2016 4
ny4 2016 5
ny4 2016 6
ny4 2016 7
ny4 2016 8
ny4 2016 9
ny4 2016 10
ny4 2016 11
ny4 2016 12
ny5 2016 1
ny5 2016 2
ny5 2016 3
ny5 2016 4
ny5 2016 5
ny5 2016 6
ny5 2016 7
ny5 2016 8
ny5 2016 9
ny5 2016 10
ny5 2016 11
ny5 2016 12
ny6 2016 1
ny6 2016 2
ny6 2016 3
ny6 2016 4
ny6 2016 5
ny6 2016 6
ny6 2016 7
ny6 2016 8
ny6 2016 9
ny6 2016 10
ny6 2016 11
ny6 2016 12
corn1 2016 1
corn1 2016 2
corn1 2016 3
corn1 2016 4
corn1 2016 5
corn1 2016 6
corn1 2016 7
corn1 2016 8
corn1 2016 9
corn1 2016 10
corn1 2016 11
corn1 2016 12
corn2 2016 1
corn2 2016 2
corn2 2016 3
corn2 2016 4
corn2 2016 5
corn2 2016 6
corn2 2016 7
corn2 2016 8
corn2 2016 9
corn2 2016 10
corn2 2016 11
corn2 2016 12
corn3 2016 1
corn3 2016 2
corn3 2016 3
corn3 2016 4
corn3 2016 5
corn3 2016 6
corn3 2016 7
corn3 2016 8
corn3 2016 9
corn3 2016 10
corn3 2016 11
corn3 2016 12
corn4 2016 1
corn4 2016 2
corn4 2016 3
corn4 2016 4
corn4 2016 5
corn4 2016 6
corn4 2016 7
corn4 2016 8
corn4 2016 9
corn4 2016 10
corn4 2016 11
corn4 2016 12
corn5 2016 1
corn5 2016 2
corn5 2016 3
corn5 2016 4
corn5 2016 5
corn5 2016 6
corn5 2016 7
corn5 2016 8
corn5 2016 9
corn5 2016 10
corn5 2016 11
corn5 2016 12
corn6 2016 1
corn6 2016 2
corn6 2016 3
corn6 2016 4
corn6 2016 5
corn6 2016 6
corn6 2016 7
corn6 2016 8
corn6 2016 9
corn6 2016 10
corn6 2016 11
corn6 2016 12
corn7 2016 1
corn7 2016 2
corn7 2016 3
corn7 2016 4
corn7 2016 5
corn7 2016 6
corn7 2016 7
corn7 2016 8
corn7 2016 9
corn7 2016 10
corn7 2016 11
corn7 2016 12
corn8 2016 1
corn8 2016 2
corn8 2016 3
corn8 2016 4
corn8 2016 5
corn8 2016 6
corn8 2016 7
corn8 2016 8
corn8 2016 9
corn8 2016 10
corn8 2016 11
corn8 2016 12
corn9 2016 1
corn9 2016 2
corn9 2016 3
corn9 2016 4
corn9 2016 5
corn9 2016 6
corn9 2016 7
corn9 2016 8
corn9 2016 9
corn9 2016 10
corn9 2016 11
corn9 2016 12
corn10 2016 1
corn10 2016 2
corn10 2016 3
corn10 2016 4
corn10 2016 5
corn10 2016 6
corn10 2016 7
corn10 2016 8
corn10 2016 9
corn10 2016 10
corn10 2016 11
corn10 2016 12
corn11 2016 1
corn11 2016 2
corn11 2016 3
corn11 2016 4
corn11 2016 5
corn11 2016 6
corn11 2016 7
corn11 2016 8
corn11 2016 9
corn11 2016 10
corn11 2016 11
corn11 2016 12
corn12 2016 1
corn12 2016 2
corn12 2016 3
corn12 2016 4
corn12 2016 5
corn12 2016 6
corn12 2016 7
corn12 2016 8
corn12 2016 9
corn12 2016 10
corn12 2016 11
corn12 2016 12
south1 2016 1
south1 2016 2
south1 2016 3
south1 2016 4
south1 2016 5
south1 2016 6
south1 2016 7
south1 2016 8
south1 2016 9
south1 2016 10
south1 2016 11
south1 2016 12
south2 2016 1
south2 2016 2
south2 2016 3
south2 2016 4
south2 2016 5
south2 2016 6
south2 2016 7
south2 2016 8
south2 2016 9
south2 2016 10
south2 2016 11
south2 2016 12
south3 2016 1
south3 2016 2
south3 2016 3
south3 2016 4
south3 2016 5
south3 2016 6
south3 2016 7
south3 2016 8
south3 2016 9
south3 2016 10
south3 2016 11
south3 2016 12
south4 2016 1
south4 2016 2
south4 2016 3
south4 2016 4
south4 2016 5
south4 2016 6
south4 2016 7
south4 2016 8
south4 2016 9
south4 2016 10
south4 2016 11
south4 2016 12
south5 2016 1
south5 2016 2
south5 2016 3
south5 2016 4
south5 2016 5
south5 2016 6
south5 2016 7
south5 2016 8
south5 2016 9
south5 2016 10
south5 2016 11
south5 2016 12
south6 2016 1
south6 2016 2
south6 2016 3
south6 2016 4
south6 2016 5
south6 2016 6
south6 2016 7
south6 2016 8
south6 2016 9
south6 2016 10
south6 2016 11
south6 2016 12
south7 2016 1
south7 2016 2
south7 2016 3
south7 2016 4
south7 2016 5
south7 2016 6
south7 2016 7
south7 2016 8
south7 2016 9
south7 2016 10
south7 2016 11
south7 2016 12
south8 2016 1
south8 2016 2
south8 2016 3
south8 2016 4
south8 2016 5
south8 2016 6
south8 2016 7
south8 2016 8
south8 2016 9
south8 2016 10
south8 2016 11
south8 2016 12
south9 2016 1
south9 2016 2
south9 2016 3
south9 2016 4
south9 2016 5
south9 2016 6
south9 2016 7
south9 2016 8
south9 2016 9
south9 2016 10
south9 2016 11
south9 2016 12
south10 2016 1
south10 2016 2
south10 2016 3
south10 2016 4
south10 2016 5
south10 2016 6
south10 2016 7
south10 2016 8
south10 2016 9
south10 2016 10
south10 2016 11
south10 2016 12
cali1 2018 1
cali1 2018 2
cali1 2018 3
cali1 2018 4
cali1 2018 5
cali1 2018 6
cali1 2018 7
cali1 2018 8
cali1 2018 9
cali1 2018 10
cali1 2018 11
cali1 2018 12
cali2 2018 1
cali2 2018 2
cali2 2018 3
cali2 2018 4
cali2 2018 5
cali2 2018 6
cali2 2018 7
cali2 2018 8
cali2 2018 9
cali2 2018 10
cali2 2018 11
cali2 2018 12
cali3 2018 1
cali3 2018 2
cali3 2018 3
cali3 2018 4
cali3 2018 5
cali3 2018 6
cali3 2018 7
cali3 2018 8
cali3 2018 9
cali3 2018 10
cali3 2018 11
cali3 2018 12
cali4 2018 1
cali4 2018 2
cali4 2018 3
cali4 2018 4
cali4 2018 5
cali4 2018 6
cali4 2018 7
cali4 2018 8
cali4 2018 9
cali4 2018 10
cali4 2018 11
cali4 2018 12
cali5 2018 1
cali5 2018 2
cali5 2018 3
cali5 2018 4
cali5 2018 5
cali5 2018 6
cali5 2018 7
cali5 2018 8
cali5 2018 9
cali5 2018 10
cali5 2018 11
cali5 2018 12
cali6 2018 1
cali6 2018 2
cali6 2018 3
cali6 2018 4
cali6 2018 5
cali6 2018 6
cali6 2018 7
cali6 2018 8
cali6 2018 9
cali6 2018 10
cali6 2018 11
cali6 2018 12
cali7 2018 1
cali7 2018 2
cali7 2018 3
cali7 2018 4
cali7 2018 5
cali7 2018 6
cali7 2018 7
cali7 2018 8
cali7 2018 9
cali7 2018 10
cali7 2018 11
cali7 2018 12
cali8 2018 1
cali8 2018 2
cali8 2018 3
cali8 2018 4
cali8 2018 5
cali8 2018 6
cali8 2018 7
cali8 2018 8
cali8 2018 9
cali8 2018 10
cali8 2018 11
cali8 2018 12
cali9 2018 1
cali9 2018 2
cali9 2018 3
cali9 2018 4
cali9 2018 5
cali9 2018 6
cali9 2018 7
cali9 2018 8
cali9 2018 9
cali9 2018 10
cali9 2018 11
cali9 2018 12
cali10 2018 1
cali10 2018 2
cali10 2018 3
cali10 2018 4
cali10 2018 5
cali10 2018 6
cali10 2018 7
cali10 2018 8
cali10 2018 9
cali10 2018 10
cali10 2018 11
cali10 2018 12
cali11 2018 1
cali11 2018 2
cali11 2018 3
cali11 2018 4
cali11 2018 5
cali11 2018 6
cali11 2018 7
cali11 2018 8
cali11 2018 9
cali11 2018 10
cali11 2018 11
cali11 2018 12
cali12 2018 1
cali12 2018 2
cali12 2018 3
cali12 2018 4
cali12 2018 5
cali12 2018 6
cali12 2018 7
cali12 2018 8
cali12 2018 9
cali12 2018 10
cali12 2018 11
cali12 2018 12
wash1 2018 1
wash1 2018 2
wash1 2018 3
wash1 2018 4
wash1 2018 5
wash1 2018 6
wash1 2018 7
wash1 2018 8
wash1 2018 9
wash1 2018 10
wash1 2018 11
wash1 2018 12
wash2 2018 1
wash2 2018 2
wash2 2018 3
wash2 2018 4
wash2 2018 5
wash2 2018 6
wash2 2018 7
wash2 2018 8
wash2 2018 9
wash2 2018 10
wash2 2018 11
wash2 2018 12
wash3 2018 1
wash3 2018 2
wash3 2018 3
wash3 2018 4
wash3 2018 5
wash3 2018 6
wash3 2018 7
wash3 2018 8
wash3 2018 9
wash3 2018 10
wash3 2018 11
wash3 2018 12
wash4 2018 1
wash4 2018 2
wash4 2018 3
wash4 2018 4
wash4 2018 5
wash4 2018 6
wash4 2018 7
wash4 2018 8
wash4 2018 9
wash4 2018 10
wash4 2018 11
wash4 2018 12
wash5 2018 1
wash5 2018 2
wash5 2018 3
wash5 2018 4
wash5 2018 5
wash5 2018 6
wash5 2018 7
wash5 2018 8
wash5 2018 9
wash5 2018 10
wash5 2018 11
wash5 2018 12
wash6 2018 1
wash6 2018 2
wash6 2018 3
wash6 2018 4
wash6 2018 5
wash6 2018 6
wash6 2018 7
wash6 2018 8
wash6 2018 9
wash6 2018 10
wash6 2018 11
wash6 2018 12
wash7 2018 1
wash7 2018 2
wash7 2018 3
wash7 2018 4
wash7 2018 5
wash7 2018 6
wash7 2018 7
wash7 2018 8
wash7 2018 9
wash7 2018 10
wash7 2018 11
wash7 2018 12
wash8 2018 1
wash8 2018 2
wash8 2018 3
wash8 2018 4
wash8 2018 5
wash8 2018 6
wash8 2018 7
wash8 2018 8
wash8 2018 9
wash8 2018 10
wash8 2018 11
wash8 2018 12
wash9 2018 1
wash9 2018 2
wash9 2018 3
wash9 2018 4
wash9 2018 5
wash9 2018 6
wash9 2018 7
wash9 2018 8
wash9 2018 9
wash9 2018 10
wash9 2018 11
wash9 2018 12
ny1 2018 1
ny1 2018 2
ny1 2018 3
ny1 2018 4
ny1 2018 5
ny1 2018 6
ny1 2018 7
ny1 2018 8
ny1 2018 9
ny1 2018 10
ny1 2018 11
ny1 2018 12
ny2 2018 1
ny2 2018 2
ny2 2018 3
ny2 2018 4
ny2 2018 5
ny2 2018 6
ny2 2018 7
ny2 2018 8
ny2 2018 9
ny2 2018 10
ny2 2018 11
ny2 2018 12
ny3 2018 1
ny3 2018 2
ny3 2018 3
ny3 2018 4
ny3 2018 5
ny3 2018 6
ny3 2018 7
ny3 2018 8
ny3 2018 9
ny3 2018 10
ny3 2018 11
ny3 2018 12
ny4 2018 1
ny4 2018 2
ny4 2018 3
ny4 2018 4
ny4 2018 5
ny4 2018 6
ny4 2018 7
ny4 2018 8
ny4 2018 9
ny4 2018 10
ny4 2018 11
ny4 2018 12
ny5 2018 1
ny5 2018 2
ny5 2018 3
ny5 2018 4
ny5 2018 5
ny5 2018 6
ny5 2018 7
ny5 2018 8
ny5 2018 9
ny5 2018 10
ny5 2018 11
ny5 2018 12
ny6 2018 1
ny6 2018 2
ny6 2018 3
ny6 2018 4
ny6 2018 5
ny6 2018 6
ny6 2018 7
ny6 2018 8
ny6 2018 9
ny6 2018 10
ny6 2018 11
ny6 2018 12
corn1 2018 1
corn1 2018 2
corn1 2018 3
corn1 2018 4
corn1 2018 5
corn1 2018 6
corn1 2018 7
corn1 2018 8
corn1 2018 9
corn1 2018 10
corn1 2018 11
corn1 2018 12
corn2 2018 1
corn2 2018 2
corn2 2018 3
corn2 2018 4
corn2 2018 5
corn2 2018 6
corn2 2018 7
corn2 2018 8
corn2 2018 9
corn2 2018 10
corn2 2018 11
corn2 2018 12
corn3 2018 1
corn3 2018 2
corn3 2018 3
corn3 2018 4
corn3 2018 5
corn3 2018 6
corn3 2018 7
corn3 2018 8
corn3 2018 9
corn3 2018 10
corn3 2018 11
corn3 2018 12
corn4 2018 1
corn4 2018 2
corn4 2018 3
corn4 2018 4
corn4 2018 5
corn4 2018 6
corn4 2018 7
corn4 2018 8
corn4 2018 9
corn4 2018 10
corn4 2018 11
corn4 2018 12
corn5 2018 1
corn5 2018 2
corn5 2018 3
corn5 2018 4
corn5 2018 5
corn5 2018 6
corn5 2018 7
corn5 2018 8
corn5 2018 9
corn5 2018 10
corn5 2018 11
corn5 2018 12
corn6 2018 1
corn6 2018 2
corn6 2018 3
corn6 2018 4
corn6 2018 5
corn6 2018 6
corn6 2018 7
corn6 2018 8
corn6 2018 9
corn6 2018 10
corn6 2018 11
corn6 2018 12
corn7 2018 1
corn7 2018 2
corn7 2018 3
corn7 2018 4
corn7 2018 5
corn7 2018 6
corn7 2018 7
corn7 2018 8
corn7 2018 9
corn7 2018 10
corn7 2018 11
corn7 2018 12
corn8 2018 1
corn8 2018 2
corn8 2018 3
corn8 2018 4
corn8 2018 5
corn8 2018 6
corn8 2018 7
corn8 2018 8
corn8 2018 9
corn8 2018 10
corn8 2018 11
corn8 2018 12
corn9 2018 1
corn9 2018 2
corn9 2018 3
corn9 2018 4
corn9 2018 5
corn9 2018 6
corn9 2018 7
corn9 2018 8
corn9 2018 9
corn9 2018 10
corn9 2018 11
corn9 2018 12
corn10 2018 1
corn10 2018 2
corn10 2018 3
corn10 2018 4
corn10 2018 5
corn10 2018 6
corn10 2018 7
corn10 2018 8
corn10 2018 9
corn10 2018 10
corn10 2018 11
corn10 2018 12
corn11 2018 1
corn11 2018 2
corn11 2018 3
corn11 2018 4
corn11 2018 5
corn11 2018 6
corn11 2018 7
corn11 2018 8
corn11 2018 9
corn11 2018 10
corn11 2018 11
corn11 2018 12
corn12 2018 1
corn12 2018 2
corn12 2018 3
corn12 2018 4
corn12 2018 5
corn12 2018 6
corn12 2018 7
corn12 2018 8
corn12 2018 9
corn12 2018 10
corn12 2018 11
corn12 2018 12
south1 2018 1
south1 2018 2
south1 2018 3
south1 2018 4
south1 2018 5
south1 2018 6
south1 2018 7
south1 2018 8
south1 2018 9
south1 2018 10
south1 2018 11
south1 2018 12
south2 2018 1
south2 2018 2
south2 2018 3
south2 2018 4
south2 2018 5
south2 2018 6
south2 2018 7
south2 2018 8
south2 2018 9
south2 2018 10
south2 2018 11
south2 2018 12
south3 2018 1
south3 2018 2
south3 2018 3
south3 2018 4
south3 2018 5
south3 2018 6
south3 2018 7
south3 2018 8
south3 2018 9
south3 2018 10
south3 2018 11
south3 2018 12
south4 2018 1
south4 2018 2
south4 2018 3
south4 2018 4
south4 2018 5
south4 2018 6
south4 2018 7
south4 2018 8
south4 2018 9
south4 2018 10
south4 2018 11
south4 2018 12
south5 2018 1
south5 2018 2
south5 2018 3
south5 2018 4
south5 2018 5
south5 2018 6
south5 2018 7
south5 2018 8
south5 2018 9
south5 2018 10
south5 2018 11
south5 2018 12
south6 2018 1
south6 2018 2
south6 2018 3
south6 2018 4
south6 2018 5
south6 2018 6
south6 2018 7
south6 2018 8
south6 2018 9
south6 2018 10
south6 2018 11
south6 2018 12
south7 2018 1
south7 2018 2
south7 2018 3
south7 2018 4
south7 2018 5
south7 2018 6
south7 2018 7
south7 2018 8
south7 2018 9
south7 2018 10
south7 2018 11
south7 2018 12
south8 2018 1
south8 2018 2
south8 2018 3
south8 2018 4
south8 2018 5
south8 2018 6
south8 2018 7
south8 2018 8
south8 2018 9
south8 2018 10
south8 2018 11
south8 2018 12
south9 2018 1
south9 2018 2
south9 2018 3
south9 2018 4
south9 2018 5
south9 2018 6
south9 2018 7
south9 2018 8
south9 2018 9
south9 2018 10
south9 2018 11
south9 2018 12
south10 2018 1
south10 2018 2
south10 2018 3
south10 2018 4
south10 2018 5
south10 2018 6
south10 2018 7
south10 2018 8
south10 2018 9
south10 2018 10
south10 2018 11
south10 2018 12
cali1 2019 1
cali1 2019 2
cali1 2019 3
cali1 2019 4
cali1 2019 5
cali1 2019 6
cali1 2019 7
cali1 2019 8
cali1 2019 9
cali1 2019 10
cali1 2019 11
cali1 2019 12
cali2 2019 1
cali2 2019 2
cali2 2019 3
cali2 2019 4
cali2 2019 5
cali2 2019 6
cali2 2019 7
cali2 2019 8
cali2 2019 9
cali2 2019 10
cali2 2019 11
cali2 2019 12
cali3 2019 1
cali3 2019 2
cali3 2019 3
cali3 2019 4
cali3 2019 5
cali3 2019 6
cali3 2019 7
cali3 2019 8
cali3 2019 9
cali3 2019 10
cali3 2019 11
cali3 2019 12
cali4 2019 1
cali4 2019 2
cali4 2019 3
cali4 2019 4
cali4 2019 5
cali4 2019 6
cali4 2019 7
cali4 2019 8
cali4 2019 9
cali4 2019 10
cali4 2019 11
cali4 2019 12
cali5 2019 1
cali5 2019 2
cali5 2019 3
cali5 2019 4
cali5 2019 5
cali5 2019 6
cali5 2019 7
cali5 2019 8
cali5 2019 9
cali5 2019 10
cali5 2019 11
cali5 2019 12
cali6 2019 1
cali6 2019 2
cali6 2019 3
cali6 2019 4
cali6 2019 5
cali6 2019 6
cali6 2019 7
cali6 2019 8
cali6 2019 9
cali6 2019 10
cali6 2019 11
cali6 2019 12
cali7 2019 1
cali7 2019 2
cali7 2019 3
cali7 2019 4
cali7 2019 5
cali7 2019 6
cali7 2019 7
cali7 2019 8
cali7 2019 9
cali7 2019 10
cali7 2019 11
cali7 2019 12
cali8 2019 1
cali8 2019 2
cali8 2019 3
cali8 2019 4
cali8 2019 5
cali8 2019 6
cali8 2019 7
cali8 2019 8
cali8 2019 9
cali8 2019 10
cali8 2019 11
cali8 2019 12
cali9 2019 1
cali9 2019 2
cali9 2019 3
cali9 2019 4
cali9 2019 5
cali9 2019 6
cali9 2019 7
cali9 2019 8
cali9 2019 9
cali9 2019 10
cali9 2019 11
cali9 2019 12
cali10 2019 1
cali10 2019 2
cali10 2019 3
cali10 2019 4
cali10 2019 5
cali10 2019 6
cali10 2019 7
cali10 2019 8
cali10 2019 9
cali10 2019 10
cali10 2019 11
cali10 2019 12
cali11 2019 1
cali11 2019 2
cali11 2019 3
cali11 2019 4
cali11 2019 5
cali11 2019 6
cali11 2019 7
cali11 2019 8
cali11 2019 9
cali11 2019 10
cali11 2019 11
cali11 2019 12
cali12 2019 1
cali12 2019 2
cali12 2019 3
cali12 2019 4
cali12 2019 5
cali12 2019 6
cali12 2019 7
cali12 2019 8
cali12 2019 9
cali12 2019 10
cali12 2019 11
cali12 2019 12
wash1 2019 1
wash1 2019 2
wash1 2019 3
wash1 2019 4
wash1 2019 5
wash1 2019 6
wash1 2019 7
wash1 2019 8
wash1 2019 9
wash1 2019 10
wash1 2019 11
wash1 2019 12
wash2 2019 1
wash2 2019 2
wash2 2019 3
wash2 2019 4
wash2 2019 5
wash2 2019 6
wash2 2019 7
wash2 2019 8
wash2 2019 9
wash2 2019 10
wash2 2019 11
wash2 2019 12
wash3 2019 1
wash3 2019 2
wash3 2019 3
wash3 2019 4
wash3 2019 5
wash3 2019 6
wash3 2019 7
wash3 2019 8
wash3 2019 9
wash3 2019 10
wash3 2019 11
wash3 2019 12
wash4 2019 1
wash4 2019 2
wash4 2019 3
wash4 2019 4
wash4 2019 5
wash4 2019 6
wash4 2019 7
wash4 2019 8
wash4 2019 9
wash4 2019 10
wash4 2019 11
wash4 2019 12
wash5 2019 1
wash5 2019 2
wash5 2019 3
wash5 2019 4
wash5 2019 5
wash5 2019 6
wash5 2019 7
wash5 2019 8
wash5 2019 9
wash5 2019 10
wash5 2019 11
wash5 2019 12
wash6 2019 1
wash6 2019 2
wash6 2019 3
wash6 2019 4
wash6 2019 5
wash6 2019 6
wash6 2019 7
wash6 2019 8
wash6 2019 9
wash6 2019 10
wash6 2019 11
wash6 2019 12
wash7 2019 1
wash7 2019 2
wash7 2019 3
wash7 2019 4
wash7 2019 5
wash7 2019 6
wash7 2019 7
wash7 2019 8
wash7 2019 9
wash7 2019 10
wash7 2019 11
wash7 2019 12
wash8 2019 1
wash8 2019 2
wash8 2019 3
wash8 2019 4
wash8 2019 5
wash8 2019 6
wash8 2019 7
wash8 2019 8
wash8 2019 9
wash8 2019 10
wash8 2019 11
wash8 2019 12
wash9 2019 1
wash9 2019 2
wash9 2019 3
wash9 2019 4
wash9 2019 5
wash9 2019 6
wash9 2019 7
wash9 2019 8
wash9 2019 9
wash9 2019 10
wash9 2019 11
wash9 2019 12
ny1 2019 1
ny1 2019 2
ny1 2019 3
ny1 2019 4
ny1 2019 5
ny1 2019 6
ny1 2019 7
ny1 2019 8
ny1 2019 9
ny1 2019 10
ny1 2019 11
ny1 2019 12
ny2 2019 1
ny2 2019 2
ny2 2019 3
ny2 2019 4
ny2 2019 5
ny2 2019 6
ny2 2019 7
ny2 2019 8
ny2 2019 9
ny2 2019 10
ny2 2019 11
ny2 2019 12
ny3 2019 1
ny3 2019 2
ny3 2019 3
ny3 2019 4
ny3 2019 5
ny3 2019 6
ny3 2019 7
ny3 2019 8
ny3 2019 9
ny3 2019 10
ny3 2019 11
ny3 2019 12
ny4 2019 1
ny4 2019 2
ny4 2019 3
ny4 2019 4
ny4 2019 5
ny4 2019 6
ny4 2019 7
ny4 2019 8
ny4 2019 9
ny4 2019 10
ny4 2019 11
ny4 2019 12
ny5 2019 1
ny5 2019 2
ny5 2019 3
ny5 2019 4
ny5 2019 5
ny5 2019 6
ny5 2019 7
ny5 2019 8
ny5 2019 9
ny5 2019 10
ny5 2019 11
ny5 2019 12
ny6 2019 1
ny6 2019 2
ny6 2019 3
ny6 2019 4
ny6 2019 5
ny6 2019 6
ny6 2019 7
ny6 2019 8
ny6 2019 9
ny6 2019 10
ny6 2019 11
ny6 2019 12
corn1 2019 1
corn1 2019 2
corn1 2019 3
corn1 2019 4
corn1 2019 5
corn1 2019 6
corn1 2019 7
corn1 2019 8
corn1 2019 9
corn1 2019 10
corn1 2019 11
corn1 2019 12
corn2 2019 1
corn2 2019 2
corn2 2019 3
corn2 2019 4
corn2 2019 5
corn2 2019 6
corn2 2019 7
corn2 2019 8
corn2 2019 9
corn2 2019 10
corn2 2019 11
corn2 2019 12
corn3 2019 1
corn3 2019 2
corn3 2019 3
corn3 2019 4
corn3 2019 5
corn3 2019 6
corn3 2019 7
corn3 2019 8
corn3 2019 9
corn3 2019 10
corn3 2019 11
corn3 2019 12
corn4 2019 1
corn4 2019 2
corn4 2019 3
corn4 2019 4
corn4 2019 5
corn4 2019 6
corn4 2019 7
corn4 2019 8
corn4 2019 9
corn4 2019 10
corn4 2019 11
corn4 2019 12
corn5 2019 1
corn5 2019 2
corn5 2019 3
corn5 2019 4
corn5 2019 5
corn5 2019 6
corn5 2019 7
corn5 2019 8
corn5 2019 9
corn5 2019 10
corn5 2019 11
corn5 2019 12
corn6 2019 1
corn6 2019 2
corn6 2019 3
corn6 2019 4
corn6 2019 5
corn6 2019 6
corn6 2019 7
corn6 2019 8
corn6 2019 9
corn6 2019 10
corn6 2019 11
corn6 2019 12
corn7 2019 1
corn7 2019 2
corn7 2019 3
corn7 2019 4
corn7 2019 5
corn7 2019 6
corn7 2019 7
corn7 2019 8
corn7 2019 9
corn7 2019 10
corn7 2019 11
corn7 2019 12
corn8 2019 1
corn8 2019 2
corn8 2019 3
corn8 2019 4
corn8 2019 5
corn8 2019 6
corn8 2019 7
corn8 2019 8
corn8 2019 9
corn8 2019 10
corn8 2019 11
corn8 2019 12
corn9 2019 1
corn9 2019 2
corn9 2019 3
corn9 2019 4
corn9 2019 5
corn9 2019 6
corn9 2019 7
corn9 2019 8
corn9 2019 9
corn9 2019 10
corn9 2019 11
corn9 2019 12
corn10 2019 1
corn10 2019 2
corn10 2019 3
corn10 2019 4
corn10 2019 5
corn10 2019 6
corn10 2019 7
corn10 2019 8
corn10 2019 9
corn10 2019 10
corn10 2019 11
corn10 2019 12
corn11 2019 1
corn11 2019 2
corn11 2019 3
corn11 2019 4
corn11 2019 5
corn11 2019 6
corn11 2019 7
corn11 2019 8
corn11 2019 9
corn11 2019 10
corn11 2019 11
corn11 2019 12
corn12 2019 1
corn12 2019 2
corn12 2019 3
corn12 2019 4
corn12 2019 5
corn12 2019 6
corn12 2019 7
corn12 2019 8
corn12 2019 9
corn12 2019 10
corn12 2019 11
corn12 2019 12
south1 2019 1
south1 2019 2
south1 2019 3
south1 2019 4
south1 2019 5
south1 2019 6
south1 2019 7
south1 2019 8
south1 2019 9
south1 2019 10
south1 2019 11
south1 2019 12
south2 2019 1
south2 2019 2
south2 2019 3
south2 2019 4
south2 2019 5
south2 2019 6
south2 2019 7
south2 2019 8
south2 2019 9
south2 2019 10
south2 2019 11
south2 2019 12
south3 2019 1
south3 2019 2
south3 2019 3
south3 2019 4
south3 2019 5
south3 2019 6
south3 2019 7
south3 2019 8
south3 2019 9
south3 2019 10
south3 2019 11
south3 2019 12
south4 2019 1
south4 2019 2
south4 2019 3
south4 2019 4
south4 2019 5
south4 2019 6
south4 2019 7
south4 2019 8
south4 2019 9
south4 2019 10
south4 2019 11
south4 2019 12
south5 2019 1
south5 2019 2
south5 2019 3
south5 2019 4
south5 2019 5
south5 2019 6
south5 2019 7
south5 2019 8
south5 2019 9
south5 2019 10
south5 2019 11
south5 2019 12
south6 2019 1
south6 2019 2
south6 2019 3
south6 2019 4
south6 2019 5
south6 2019 6
south6 2019 7
south6 2019 8
south6 2019 9
south6 2019 10
south6 2019 11
south6 2019 12
south7 2019 1
south7 2019 2
south7 2019 3
south7 2019 4
south7 2019 5
south7 2019 6
south7 2019 7
south7 2019 8
south7 2019 9
south7 2019 10
south7 2019 11
south7 2019 12
south8 2019 1
south8 2019 2
south8 2019 3
south8 2019 4
south8 2019 5
south8 2019 6
south8 2019 7
south8 2019 8
south8 2019 9
south8 2019 10
south8 2019 11
south8 2019 12
south9 2019 1
south9 2019 2
south9 2019 3
south9 2019 4
south9 2019 5
south9 2019 6
south9 2019 7
south9 2019 8
south9 2019 9
south9 2019 10
south9 2019 11
south9 2019 12
south10 2019 1
south10 2019 2
south10 2019 3
south10 2019 4
south10 2019 5
south10 2019 6
south10 2019 7
south10 2019 8
south10 2019 9
south10 2019 10
south10 2019 11
south10 2019 12
cali1 2020 1
cali1 2020 2
cali1 2020 3
cali1 2020 4
cali1 2020 5
cali1 2020 6
cali1 2020 7
cali1 2020 8
cali1 2020 9
cali1 2020 10
cali1 2020 11
cali1 2020 12
cali2 2020 1
cali2 2020 2
cali2 2020 3
cali2 2020 4
cali2 2020 5
cali2 2020 6
cali2 2020 7
cali2 2020 8
cali2 2020 9
cali2 2020 10
cali2 2020 11
cali2 2020 12
cali3 2020 1
cali3 2020 2
cali3 2020 3
cali3 2020 4
cali3 2020 5
cali3 2020 6
cali3 2020 7
cali3 2020 8
cali3 2020 9
cali3 2020 10
cali3 2020 11
cali3 2020 12
cali4 2020 1
cali4 2020 2
cali4 2020 3
cali4 2020 4
cali4 2020 5
cali4 2020 6
cali4 2020 7
cali4 2020 8
cali4 2020 9
cali4 2020 10
cali4 2020 11
cali4 2020 12
cali5 2020 1
cali5 2020 2
cali5 2020 3
cali5 2020 4
cali5 2020 5
cali5 2020 6
cali5 2020 7
cali5 2020 8
cali5 2020 9
cali5 2020 10
cali5 2020 11
cali5 2020 12
cali6 2020 1
cali6 2020 2
cali6 2020 3
cali6 2020 4
cali6 2020 5
cali6 2020 6
cali6 2020 7
cali6 2020 8
cali6 2020 9
cali6 2020 10
cali6 2020 11
cali6 2020 12
cali7 2020 1
cali7 2020 2
cali7 2020 3
cali7 2020 4
cali7 2020 5
cali7 2020 6
cali7 2020 7
cali7 2020 8
cali7 2020 9
cali7 2020 10
cali7 2020 11
cali7 2020 12
cali8 2020 1
cali8 2020 2
cali8 2020 3
cali8 2020 4
cali8 2020 5
cali8 2020 6
cali8 2020 7
cali8 2020 8
cali8 2020 9
cali8 2020 10
cali8 2020 11
cali8 2020 12
cali9 2020 1
cali9 2020 2
cali9 2020 3
cali9 2020 4
cali9 2020 5
cali9 2020 6
cali9 2020 7
cali9 2020 8
cali9 2020 9
cali9 2020 10
cali9 2020 11
cali9 2020 12
cali10 2020 1
cali10 2020 2
cali10 2020 3
cali10 2020 4
cali10 2020 5
cali10 2020 6
cali10 2020 7
cali10 2020 8
cali10 2020 9
cali10 2020 10
cali10 2020 11
cali10 2020 12
cali11 2020 1
cali11 2020 2
cali11 2020 3
cali11 2020 4
cali11 2020 5
cali11 2020 6
cali11 2020 7
cali11 2020 8
cali11 2020 9
cali11 2020 10
cali11 2020 11
cali11 2020 12
cali12 2020 1
cali12 2020 2
cali12 2020 3
cali12 2020 4
cali12 2020 5
cali12 2020 6
cali12 2020 7
cali12 2020 8
cali12 2020 9
cali12 2020 10
cali12 2020 11
cali12 2020 12
wash1 2020 1
wash1 2020 2
wash1 2020 3
wash1 2020 4
wash1 2020 5
wash1 2020 6
wash1 2020 7
wash1 2020 8
wash1 2020 9
wash1 2020 10
wash1 2020 11
wash1 2020 12
wash2 2020 1
wash2 2020 2
wash2 2020 3
wash2 2020 4
wash2 2020 5
wash2 2020 6
wash2 2020 7
wash2 2020 8
wash2 2020 9
wash2 2020 10
wash2 2020 11
wash2 2020 12
wash3 2020 1
wash3 2020 2
wash3 2020 3
wash3 2020 4
wash3 2020 5
wash3 2020 6
wash3 2020 7
wash3 2020 8
wash3 2020 9
wash3 2020 10
wash3 2020 11
wash3 2020 12
wash4 2020 1
wash4 2020 2
wash4 2020 3
wash4 2020 4
wash4 2020 5
wash4 2020 6
wash4 2020 7
wash4 2020 8
wash4 2020 9
wash4 2020 10
wash4 2020 11
wash4 2020 12
wash5 2020 1
wash5 2020 2
wash5 2020 3
wash5 2020 4
wash5 2020 5
wash5 2020 6
wash5 2020 7
wash5 2020 8
wash5 2020 9
wash5 2020 10
wash5 2020 11
wash5 2020 12
wash6 2020 1
wash6 2020 2
wash6 2020 3
wash6 2020 4
wash6 2020 5
wash6 2020 6
wash6 2020 7
wash6 2020 8
wash6 2020 9
wash6 2020 10
wash6 2020 11
wash6 2020 12
wash7 2020 1
wash7 2020 2
wash7 2020 3
wash7 2020 4
wash7 2020 5
wash7 2020 6
wash7 2020 7
wash7 2020 8
wash7 2020 9
wash7 2020 10
wash7 2020 11
wash7 2020 12
wash8 2020 1
wash8 2020 2
wash8 2020 3
wash8 2020 4
wash8 2020 5
wash8 2020 6
wash8 2020 7
wash8 2020 8
wash8 2020 9
wash8 2020 10
wash8 2020 11
wash8 2020 12
wash9 2020 1
wash9 2020 2
wash9 2020 3
wash9 2020 4
wash9 2020 5
wash9 2020 6
wash9 2020 7
wash9 2020 8
wash9 2020 9
wash9 2020 10
wash9 2020 11
wash9 2020 12
ny1 2020 1
ny1 2020 2
ny1 2020 3
ny1 2020 4
ny1 2020 5
ny1 2020 6
ny1 2020 7
ny1 2020 8
ny1 2020 9
ny1 2020 10
ny1 2020 11
ny1 2020 12
ny2 2020 1
ny2 2020 2
ny2 2020 3
ny2 2020 4
ny2 2020 5
ny2 2020 6
ny2 2020 7
ny2 2020 8
ny2 2020 9
ny2 2020 10
ny2 2020 11
ny2 2020 12
ny3 2020 1
ny3 2020 2
ny3 2020 3
ny3 2020 4
ny3 2020 5
ny3 2020 6
ny3 2020 7
ny3 2020 8
ny3 2020 9
ny3 2020 10
ny3 2020 11
ny3 2020 12
ny4 2020 1
ny4 2020 2
ny4 2020 3
ny4 2020 4
ny4 2020 5
ny4 2020 6
ny4 2020 7
ny4 2020 8
ny4 2020 9
ny4 2020 10
ny4 2020 11
ny4 2020 12
ny5 2020 1
ny5 2020 2
ny5 2020 3
ny5 2020 4
ny5 2020 5
ny5 2020 6
ny5 2020 7
ny5 2020 8
ny5 2020 9
ny5 2020 10
ny5 2020 11
ny5 2020 12
ny6 2020 1
ny6 2020 2
ny6 2020 3
ny6 2020 4
ny6 2020 5
ny6 2020 6
ny6 2020 7
ny6 2020 8
ny6 2020 9
ny6 2020 10
ny6 2020 11
ny6 2020 12
corn1 2020 1
corn1 2020 2
corn1 2020 3
corn1 2020 4
corn1 2020 5
corn1 2020 6
corn1 2020 7
corn1 2020 8
corn1 2020 9
corn1 2020 10
corn1 2020 11
corn1 2020 12
corn2 2020 1
corn2 2020 2
corn2 2020 3
corn2 2020 4
corn2 2020 5
corn2 2020 6
corn2 2020 7
corn2 2020 8
corn2 2020 9
corn2 2020 10
corn2 2020 11
corn2 2020 12
corn3 2020 1
corn3 2020 2
corn3 2020 3
corn3 2020 4
corn3 2020 5
corn3 2020 6
corn3 2020 7
corn3 2020 8
corn3 2020 9
corn3 2020 10
corn3 2020 11
corn3 2020 12
corn4 2020 1
corn4 2020 2
corn4 2020 3
corn4 2020 4
corn4 2020 5
corn4 2020 6
corn4 2020 7
corn4 2020 8
corn4 2020 9
corn4 2020 10
corn4 2020 11
corn4 2020 12
corn5 2020 1
corn5 2020 2
corn5 2020 3
corn5 2020 4
corn5 2020 5
corn5 2020 6
corn5 2020 7
corn5 2020 8
corn5 2020 9
corn5 2020 10
corn5 2020 11
corn5 2020 12
corn6 2020 1
corn6 2020 2
corn6 2020 3
corn6 2020 4
corn6 2020 5
corn6 2020 6
corn6 2020 7
corn6 2020 8
corn6 2020 9
corn6 2020 10
corn6 2020 11
corn6 2020 12
corn7 2020 1
corn7 2020 2
corn7 2020 3
corn7 2020 4
corn7 2020 5
corn7 2020 6
corn7 2020 7
corn7 2020 8
corn7 2020 9
corn7 2020 10
corn7 2020 11
corn7 2020 12
corn8 2020 1
corn8 2020 2
corn8 2020 3
corn8 2020 4
corn8 2020 5
corn8 2020 6
corn8 2020 7
corn8 2020 8
corn8 2020 9
corn8 2020 10
corn8 2020 11
corn8 2020 12
corn9 2020 1
corn9 2020 2
corn9 2020 3
corn9 2020 4
corn9 2020 5
corn9 2020 6
corn9 2020 7
corn9 2020 8
corn9 2020 9
corn9 2020 10
corn9 2020 11
corn9 2020 12
corn10 2020 1
corn10 2020 2
corn10 2020 3
corn10 2020 4
corn10 2020 5
corn10 2020 6
corn10 2020 7
corn10 2020 8
corn10 2020 9
corn10 2020 10
corn10 2020 11
corn10 2020 12
corn11 2020 1
corn11 2020 2
corn11 2020 3
corn11 2020 4
corn11 2020 5
corn11 2020 6
corn11 2020 7
corn11 2020 8
corn11 2020 9
corn11 2020 10
corn11 2020 11
corn11 2020 12
corn12 2020 1
corn12 2020 2
corn12 2020 3
corn12 2020 4
corn12 2020 5
corn12 2020 6
corn12 2020 7
corn12 2020 8
corn12 2020 9
corn12 2020 10
corn12 2020 11
corn12 2020 12
south1 2020 1
south1 2020 2
south1 2020 3
south1 2020 4
south1 2020 5
south1 2020 6
south1 2020 7
south1 2020 8
south1 2020 9
south1 2020 10
south1 2020 11
south1 2020 12
south2 2020 1
south2 2020 2
south2 2020 3
south2 2020 4
south2 2020 5
south2 2020 6
south2 2020 7
south2 2020 8
south2 2020 9
south2 2020 10
south2 2020 11
south2 2020 12
south3 2020 1
south3 2020 2
south3 2020 3
south3 2020 4
south3 2020 5
south3 2020 6
south3 2020 7
south3 2020 8
south3 2020 9
south3 2020 10
south3 2020 11
south3 2020 12
south4 2020 1
south4 2020 2
south4 2020 3
south4 2020 4
south4 2020 5
south4 2020 6
south4 2020 7
south4 2020 8
south4 2020 9
south4 2020 10
south4 2020 11
south4 2020 12
south5 2020 1
south5 2020 2
south5 2020 3
south5 2020 4
south5 2020 5
south5 2020 6
south5 2020 7
south5 2020 8
south5 2020 9
south5 2020 10
south5 2020 11
south5 2020 12
south6 2020 1
south6 2020 2
south6 2020 3
south6 2020 4
south6 2020 5
south6 2020 6
south6 2020 7
south6 2020 8
south6 2020 9
south6 2020 10
south6 2020 11
south6 2020 12
south7 2020 1
south7 2020 2
south7 2020 3
south7 2020 4
south7 2020 5
south7 2020 6
south7 2020 7
south7 2020 8
south7 2020 9
south7 2020 10
south7 2020 11
south7 2020 12
south8 2020 1
south8 2020 2
south8 2020 3
south8 2020 4
south8 2020 5
south8 2020 6
south8 2020 7
south8 2020 8
south8 2020 9
south8 2020 10
south8 2020 11
south8 2020 12
south9 2020 1
south9 2020 2
south9 2020 3
south9 2020 4
south9 2020 5
south9 2020 6
south9 2020 7
south9 2020 8
south9 2020 9
south9 2020 10
south9 2020 11
south9 2020 12
south10 2020 1
south10 2020 2
south10 2020 3
south10 2020 4
south10 2020 5
south10 2020 6
south10 2020 7
south10 2020 8
south10 2020 9
south10 2020 10
south10 2020 11
south10 2020 12
